TN:
SF:src/mock/product/product.client.js
FN:2,fetchItems
FNF:1
FNH:1
FNDA:1,fetchItems
DA:1,1
DA:2,1
DA:3,1
DA:4,0
DA:5,0
DA:6,1
DA:7,1
DA:8,1
DA:9,1
LF:9
LH:7
BRDA:2,0,0,1
BRF:1
BRH:1
end_of_record
TN:
SF:src/mock/product/product_service_no_di.js
FN:4,ProductService
FN:10,fetchAvailableItems
FNF:2
FNH:2
FNDA:2,ProductService
FNDA:2,fetchAvailableItems
DA:1,1
DA:2,1
DA:3,1
DA:4,1
DA:5,2
DA:6,2
DA:7,1
DA:8,1
DA:9,1
DA:10,1
DA:11,2
DA:12,2
DA:13,2
DA:14,2
DA:15,1
DA:16,1
DA:17,1
LF:17
LH:17
BRDA:4,0,0,2
BRDA:10,1,0,2
BRDA:13,2,0,1
BRDA:13,3,0,2
BRF:4
BRH:4
end_of_record
TN:
SF:src/mock/product/test/stub_product_client.js
FN:2,fetchItems
FNF:1
FNH:0
FNDA:0,fetchItems
DA:1,1
DA:2,1
DA:3,0
DA:4,0
DA:5,0
DA:6,0
DA:7,0
DA:8,1
DA:9,1
DA:10,1
LF:10
LH:5
BRF:0
BRH:0
end_of_record
